<?xml version="1.0" encoding="UTF-8"?>
<coverage generated="1722241599587" clover="3.2.0">
  <project timestamp="1722241599587" name="All files">
    <metrics statements="6" coveredstatements="6" conditionals="0" coveredconditionals="0" methods="3" coveredmethods="3" elements="9" coveredelements="9" complexity="0" loc="6" ncloc="6" packages="1" files="1" classes="1"/>
    <file name="math.ts" path="/Users/liyf/learn/algo/src/math.ts">
      <metrics statements="6" coveredstatements="6" conditionals="0" coveredconditionals="0" methods="3" coveredmethods="3"/>
      <line num="1" count="1" type="stmt"/>
      <line num="2" count="5" type="stmt"/>
      <line num="5" count="1" type="stmt"/>
      <line num="6" count="4" type="stmt"/>
      <line num="9" count="1" type="stmt"/>
      <line num="10" count="5" type="stmt"/>
    </file>
  </project>
</coverage>
