{"/Users/liyf/learn/algo/src/Tree/index.ts": {"path":"/Users/liyf/learn/algo/src/Tree/index.ts","statementMap":{"0":{"start":{"line":59,"column":19},"end":{"line":59,"column":38}},"1":{"start":{"line":59,"column":40},"end":{"line":59,"column":57}},"2":{"start":{"line":59,"column":59},"end":{"line":59,"column":75}},"3":{"start":{"line":59,"column":77},"end":{"line":59,"column":95}},"4":{"start":{"line":6,"column":4},"end":{"line":6,"column":null}},"5":{"start":{"line":7,"column":4},"end":{"line":7,"column":null}},"6":{"start":{"line":8,"column":4},"end":{"line":8,"column":null}},"7":{"start":{"line":59,"column":9},"end":{"line":59,"column":17}},"8":{"start":{"line":12,"column":2},"end":{"line":12,"column":23}},"9":{"start":{"line":12,"column":13},"end":{"line":12,"column":23}},"10":{"start":{"line":13,"column":27},"end":{"line":13,"column":29}},"11":{"start":{"line":14,"column":28},"end":{"line":14,"column":34}},"12":{"start":{"line":15,"column":2},"end":{"line":20,"column":3}},"13":{"start":{"line":16,"column":17},"end":{"line":16,"column":31}},"14":{"start":{"line":17,"column":4},"end":{"line":17,"column":26}},"15":{"start":{"line":18,"column":4},"end":{"line":18,"column":41}},"16":{"start":{"line":18,"column":19},"end":{"line":18,"column":41}},"17":{"start":{"line":19,"column":4},"end":{"line":19,"column":43}},"18":{"start":{"line":19,"column":20},"end":{"line":19,"column":43}},"19":{"start":{"line":21,"column":2},"end":{"line":21,"column":16}},"20":{"start":{"line":25,"column":27},"end":{"line":25,"column":29}},"21":{"start":{"line":27,"column":4},"end":{"line":27,"column":22}},"22":{"start":{"line":27,"column":15},"end":{"line":27,"column":22}},"23":{"start":{"line":28,"column":4},"end":{"line":28,"column":null}},"24":{"start":{"line":29,"column":4},"end":{"line":29,"column":null}},"25":{"start":{"line":30,"column":4},"end":{"line":30,"column":null}},"26":{"start":{"line":32,"column":2},"end":{"line":32,"column":null}},"27":{"start":{"line":33,"column":2},"end":{"line":33,"column":null}},"28":{"start":{"line":37,"column":27},"end":{"line":37,"column":29}},"29":{"start":{"line":39,"column":4},"end":{"line":39,"column":22}},"30":{"start":{"line":39,"column":15},"end":{"line":39,"column":22}},"31":{"start":{"line":40,"column":4},"end":{"line":40,"column":null}},"32":{"start":{"line":41,"column":4},"end":{"line":41,"column":null}},"33":{"start":{"line":42,"column":4},"end":{"line":42,"column":null}},"34":{"start":{"line":44,"column":2},"end":{"line":44,"column":null}},"35":{"start":{"line":45,"column":2},"end":{"line":45,"column":null}},"36":{"start":{"line":48,"column":27},"end":{"line":48,"column":29}},"37":{"start":{"line":50,"column":4},"end":{"line":50,"column":22}},"38":{"start":{"line":50,"column":15},"end":{"line":50,"column":22}},"39":{"start":{"line":51,"column":4},"end":{"line":51,"column":null}},"40":{"start":{"line":52,"column":4},"end":{"line":52,"column":null}},"41":{"start":{"line":53,"column":4},"end":{"line":53,"column":null}},"42":{"start":{"line":55,"column":2},"end":{"line":55,"column":null}},"43":{"start":{"line":56,"column":2},"end":{"line":56,"column":null}}},"fnMap":{"0":{"name":"(anonymous_0)","decl":{"start":{"line":5,"column":2},"end":{"line":5,"column":14}},"loc":{"start":{"line":5,"column":86},"end":{"line":9,"column":3}}},"1":{"name":"levelOrderTraversal","decl":{"start":{"line":11,"column":9},"end":{"line":11,"column":28}},"loc":{"start":{"line":11,"column":49},"end":{"line":22,"column":1}}},"2":{"name":"preorderTraversal","decl":{"start":{"line":24,"column":9},"end":{"line":24,"column":26}},"loc":{"start":{"line":24,"column":48},"end":{"line":34,"column":1}}},"3":{"name":"dfs","decl":{"start":{"line":26,"column":11},"end":{"line":26,"column":14}},"loc":{"start":{"line":26,"column":36},"end":{"line":31,"column":3}}},"4":{"name":"inorderTraversal","decl":{"start":{"line":36,"column":9},"end":{"line":36,"column":25}},"loc":{"start":{"line":36,"column":47},"end":{"line":46,"column":1}}},"5":{"name":"dfs","decl":{"start":{"line":38,"column":11},"end":{"line":38,"column":14}},"loc":{"start":{"line":38,"column":36},"end":{"line":43,"column":3}}},"6":{"name":"postorderTraversal","decl":{"start":{"line":47,"column":9},"end":{"line":47,"column":27}},"loc":{"start":{"line":47,"column":49},"end":{"line":57,"column":1}}},"7":{"name":"dfs","decl":{"start":{"line":49,"column":11},"end":{"line":49,"column":14}},"loc":{"start":{"line":49,"column":36},"end":{"line":54,"column":3}}}},"branchMap":{"0":{"loc":{"start":{"line":5,"column":27},"end":{"line":5,"column":55}},"type":"default-arg","locations":[{"start":{"line":5,"column":51},"end":{"line":5,"column":55}}]},"1":{"loc":{"start":{"line":5,"column":57},"end":{"line":5,"column":86}},"type":"default-arg","locations":[{"start":{"line":5,"column":82},"end":{"line":5,"column":86}}]},"2":{"loc":{"start":{"line":12,"column":2},"end":{"line":12,"column":23}},"type":"if","locations":[{"start":{"line":12,"column":2},"end":{"line":12,"column":23}}]},"3":{"loc":{"start":{"line":18,"column":4},"end":{"line":18,"column":41}},"type":"if","locations":[{"start":{"line":18,"column":4},"end":{"line":18,"column":41}}]},"4":{"loc":{"start":{"line":19,"column":4},"end":{"line":19,"column":43}},"type":"if","locations":[{"start":{"line":19,"column":4},"end":{"line":19,"column":43}}]},"5":{"loc":{"start":{"line":27,"column":4},"end":{"line":27,"column":22}},"type":"if","locations":[{"start":{"line":27,"column":4},"end":{"line":27,"column":22}}]},"6":{"loc":{"start":{"line":39,"column":4},"end":{"line":39,"column":22}},"type":"if","locations":[{"start":{"line":39,"column":4},"end":{"line":39,"column":22}}]},"7":{"loc":{"start":{"line":50,"column":4},"end":{"line":50,"column":22}},"type":"if","locations":[{"start":{"line":50,"column":4},"end":{"line":50,"column":22}}]}},"s":{"0":1,"1":1,"2":1,"3":1,"4":6,"5":6,"6":6,"7":1,"8":2,"9":0,"10":2,"11":2,"12":2,"13":6,"14":6,"15":6,"16":2,"17":6,"18":2,"19":2,"20":2,"21":14,"22":8,"23":6,"24":6,"25":6,"26":2,"27":2,"28":2,"29":14,"30":8,"31":6,"32":6,"33":6,"34":2,"35":2,"36":2,"37":14,"38":8,"39":6,"40":6,"41":6,"42":2,"43":2},"f":{"0":6,"1":2,"2":2,"3":14,"4":2,"5":14,"6":2,"7":14},"b":{"0":[6],"1":[6],"2":[0],"3":[2],"4":[2],"5":[8],"6":[8],"7":[8]}}
}
