TN:
SF:src/Tree/index.ts
FN:5,(anonymous_0)
FN:11,levelOrderTraversal
FN:24,preorderTraversal
FN:26,dfs
FN:36,inorderTraversal
FN:38,dfs
FN:47,postorderTraversal
FN:49,dfs
FNF:8
FNH:8
FNDA:6,(anonymous_0)
FNDA:2,levelOrderTraversal
FNDA:2,preorderTraversal
FNDA:14,dfs
FNDA:2,inorderTraversal
FNDA:14,dfs
FNDA:2,postorderTraversal
FNDA:14,dfs
DA:6,6
DA:7,6
DA:8,6
DA:12,2
DA:13,2
DA:14,2
DA:15,2
DA:16,6
DA:17,6
DA:18,6
DA:19,6
DA:21,2
DA:25,2
DA:27,14
DA:28,6
DA:29,6
DA:30,6
DA:32,2
DA:33,2
DA:37,2
DA:39,14
DA:40,6
DA:41,6
DA:42,6
DA:44,2
DA:45,2
DA:48,2
DA:50,14
DA:51,6
DA:52,6
DA:53,6
DA:55,2
DA:56,2
DA:59,1
LF:34
LH:34
BRDA:5,0,0,6
BRDA:5,1,0,6
BRDA:12,2,0,0
BRDA:18,3,0,2
BRDA:19,4,0,2
BRDA:27,5,0,8
BRDA:39,6,0,8
BRDA:50,7,0,8
BRF:8
BRH:7
end_of_record
